[2021-09-28 22:17:05] [INFO   ] {adventure.Cave$Builder loadRoomsFromStream} Load Room from a stream
[2021-09-28 22:17:05] [INFO   ] {adventure.Cave$Builder loadRoomsFromStream} [CaveSize] Width = 4, Height = 3
[2021-09-28 22:17:05] [INFO   ] {adventure.Cave$Builder loadRoomsFromStream} [Room] 0,0 : Entrance - SE - true
[2021-09-28 22:17:05] [INFO   ] {adventure.Cave$Builder loadRoomsFromStream} [Room] 1,0 : Room of anti-patterns - SE - false
[2021-09-28 22:17:05] [INFO   ] {adventure.Cave$Builder loadRoomsFromStream} [Room] 2,0 : Room of the collections - WSE - false
[2021-09-28 22:17:05] [INFO   ] {adventure.Cave$Builder loadRoomsFromStream} [Room] 3,0 : Room of the threads - WS - false
[2021-09-28 22:17:05] [INFO   ] {adventure.Cave$Builder loadRoomsFromStream} [Room] 0,1 : Clean room - NSE - false
[2021-09-28 22:17:05] [INFO   ] {adventure.Cave$Builder loadRoomsFromStream} [Room] 1,1 : DRY room - NSEW - false
[2021-09-28 22:17:05] [INFO   ] {adventure.Cave$Builder loadRoomsFromStream} [Room] 2,1 : Room of the bugs - NSEW - false
[2021-09-28 22:17:05] [INFO   ] {adventure.Cave$Builder loadRoomsFromStream} [Room] 3,1 : Room of coupled code - NSW - false
[2021-09-28 22:17:05] [INFO   ] {adventure.Cave$Builder loadRoomsFromStream} [Room] 0,2 : Room of the streams - NE - false
[2021-09-28 22:17:05] [INFO   ] {adventure.Cave$Builder loadRoomsFromStream} [Room] 1,2 : Room of the endless loop -  - false
[2021-09-28 22:17:05] [INFO   ] {adventure.Cave$Builder loadRoomsFromStream} [Room] 2,2 : Room of refactoring - NSE - false
[2021-09-28 22:17:05] [INFO   ] {adventure.Cave$Builder loadRoomsFromStream} [Room] 3,2 : Examination room - S - false
[2021-09-28 22:17:05] [INFO   ] {adventure.Cave$Builder lambda$loadTalismansFromStream$0} [Talisman] Room=Entrance, Name=Welcome booklet
[2021-09-28 22:17:05] [INFO   ] {adventure.Cave$Builder lambda$loadTalismansFromStream$0} [Talisman] Room=Room of anti-patterns, Name=Parallel arrays
[2021-09-28 22:17:05] [INFO   ] {adventure.Cave$Builder lambda$loadTalismansFromStream$0} [Talisman] Room=Clean room, Name=Function
[2021-09-28 22:17:05] [INFO   ] {adventure.Cave$Builder lambda$loadTalismansFromStream$0} [Talisman] Room=Room of the streams, Name=Java XP
[2021-09-28 22:17:05] [INFO   ] {adventure.Cave$Builder lambda$loadTalismansFromStream$0} [Talisman] Room=Room of the bugs, Name=Debugger manual
[2021-09-28 22:17:05] [INFO   ] {adventure.Cave$Builder lambda$loadTalismansFromStream$0} [Talisman] Room=Room of the endless loop, Name=Missing exit condition
[2021-09-28 22:17:05] [INFO   ] {adventure.Cave$Builder solve} [Character] Room=DRY room, Name=Unnecessary Cut and Paste, Talismans=1
[2021-09-28 22:17:05] [INFO   ] {adventure.Cave$Builder solve} [Character] Room=Room of the streams, Name=Bug, Talismans=1
[2021-09-28 22:17:05] [INFO   ] {adventure.Cave$Builder solve} [Character] Room=Examination room, Name=Examinator, Talismans=1
